0 info it worked if it ends with ok
1 verbose cli [ 'C:\\Program Files\\nodejs\\node.exe',
1 verbose cli   'C:\\Program Files\\nodejs\\node_modules\\npm\\bin\\npm-cli.js',
1 verbose cli   'install',
1 verbose cli   'package.json' ]
2 info using npm@3.10.8
3 info using node@v6.9.1
4 silly loadCurrentTree Starting
5 silly install loadCurrentTree
6 silly install readLocalPackageData
7 silly fetchPackageMetaData package.json
8 silly fetchOtherPackageData package.json
9 silly cache add args [ 'package.json', null ]
10 verbose cache add spec package.json
11 silly cache add parsed spec Result {
11 silly cache add   raw: 'package.json',
11 silly cache add   scope: null,
11 silly cache add   escapedName: 'package.json',
11 silly cache add   name: null,
11 silly cache add   rawSpec: 'package.json',
11 silly cache add   spec: 'C:\\xampp2\\htdocs\\SeniorProject(Master)\\package.json',
11 silly cache add   type: 'local' }
12 silly addLocalTarball shasum (computed) e3738f1b38e619807cd56ab4ed4c09fdb45f1184
13 verbose addTmpTarball C:\xampp2\htdocs\SeniorProject(Master)\package.json not in flight; adding
14 verbose correctMkdir C:\Users\rcnat\AppData\Roaming\npm-cache correctMkdir not in flight; initializing
15 verbose addTmpTarball validating metadata from C:\xampp2\htdocs\SeniorProject(Master)\package.json
16 verbose tar unpack C:\xampp2\htdocs\SeniorProject(Master)\package.json
17 verbose tar unpacking to C:\Users\rcnat\AppData\Local\Temp\npm-12348-fd41be37\unpack-57a44132
18 silly gentlyRm C:\Users\rcnat\AppData\Local\Temp\npm-12348-fd41be37\unpack-57a44132 is being purged
19 verbose gentlyRm don't care about contents; nuking C:\Users\rcnat\AppData\Local\Temp\npm-12348-fd41be37\unpack-57a44132
20 silly gunzTarPerm modes [ '777', '666' ]
21 error not a package C:\xampp2\htdocs\SeniorProject(Master)\package.json
22 error addLocal Could not install C:\xampp2\htdocs\SeniorProject(Master)\package.json
23 silly fetchPackageMetaData Error: ENOENT: no such file or directory, open 'C:\Users\rcnat\AppData\Local\Temp\npm-12348-fd41be37\unpack-57a44132\package.json'
23 silly fetchPackageMetaData     at Error (native)
23 silly fetchPackageMetaData  error for package.json { Error: ENOENT: no such file or directory, open 'C:\Users\rcnat\AppData\Local\Temp\npm-12348-fd41be37\unpack-57a44132\package.json'
23 silly fetchPackageMetaData     at Error (native)
23 silly fetchPackageMetaData   errno: -4058,
23 silly fetchPackageMetaData   code: 'ENOENT',
23 silly fetchPackageMetaData   syscall: 'open',
23 silly fetchPackageMetaData   path: 'C:\\Users\\rcnat\\AppData\\Local\\Temp\\npm-12348-fd41be37\\unpack-57a44132\\package.json' }
24 silly rollbackFailedOptional Starting
25 silly rollbackFailedOptional Finishing
26 silly runTopLevelLifecycles Finishing
27 silly install printInstalled
28 verbose stack Error: ENOENT: no such file or directory, open 'C:\Users\rcnat\AppData\Local\Temp\npm-12348-fd41be37\unpack-57a44132\package.json'
28 verbose stack     at Error (native)
29 verbose cwd C:\xampp2\htdocs\SeniorProject(Master)
30 error Windows_NT 10.0.15063
31 error argv "C:\\Program Files\\nodejs\\node.exe" "C:\\Program Files\\nodejs\\node_modules\\npm\\bin\\npm-cli.js" "install" "package.json"
32 error node v6.9.1
33 error npm  v3.10.8
34 error path C:\Users\rcnat\AppData\Local\Temp\npm-12348-fd41be37\unpack-57a44132\package.json
35 error code ENOENT
36 error errno -4058
37 error syscall open
38 error enoent ENOENT: no such file or directory, open 'C:\Users\rcnat\AppData\Local\Temp\npm-12348-fd41be37\unpack-57a44132\package.json'
39 error enoent ENOENT: no such file or directory, open 'C:\Users\rcnat\AppData\Local\Temp\npm-12348-fd41be37\unpack-57a44132\package.json'
39 error enoent This is most likely not a problem with npm itself
39 error enoent and is related to npm not being able to find a file.
40 verbose exit [ -4058, true ]
